<?xml version="1.0" encoding="UTF-8"?>
<coverage generated="1635879612">
  <project timestamp="1635879612">
    <file name="/home/lemonhead/projects/phplib/quick-attributes-parser/src/AttributeCommentParser/AttributeCommentParser.php">
      <class name="Donquixote\QuickAttributes\AttributeCommentParser\AttributeCommentParser" namespace="global">
        <metrics complexity="94" methods="10" coveredmethods="2" conditionals="0" coveredconditionals="0" statements="268" coveredstatements="209" elements="278" coveredelements="211"/>
      </class>
      <line num="35" type="method" name="withContext" visibility="public" complexity="3" crap="3" count="12"/>
      <line num="36" type="stmt" count="12"/>
      <line num="37" type="stmt" count="12"/>
      <line num="38" type="stmt" count="12"/>
      <line num="39" type="stmt" count="12"/>
      <line num="40" type="stmt" count="12"/>
      <line num="41" type="stmt" count="12"/>
      <line num="42" type="stmt" count="12"/>
      <line num="48" type="method" name="parse" visibility="public" complexity="5" crap="5.04" count="12"/>
      <line num="49" type="stmt" count="12"/>
      <line num="50" type="stmt" count="12"/>
      <line num="51" type="stmt" count="12"/>
      <line num="52" type="stmt" count="12"/>
      <line num="53" type="stmt" count="12"/>
      <line num="54" type="stmt" count="12"/>
      <line num="55" type="stmt" count="12"/>
      <line num="56" type="stmt" count="12"/>
      <line num="57" type="stmt" count="12"/>
      <line num="59" type="stmt" count="12"/>
      <line num="60" type="stmt" count="12"/>
      <line num="61" type="stmt" count="12"/>
      <line num="62" type="stmt" count="12"/>
      <line num="64" type="stmt" count="12"/>
      <line num="66" type="stmt" count="2"/>
      <line num="67" type="stmt" count="0"/>
      <line num="70" type="stmt" count="0"/>
      <line num="79" type="method" name="tokenize" visibility="private" complexity="6" crap="6.09" count="12"/>
      <line num="80" type="stmt" count="12"/>
      <line num="81" type="stmt" count="0"/>
      <line num="83" type="stmt" count="12"/>
      <line num="84" type="stmt" count="0"/>
      <line num="86" type="stmt" count="12"/>
      <line num="88" type="stmt" count="12"/>
      <line num="89" type="stmt" count="12"/>
      <line num="95" type="stmt" count="12"/>
      <line num="96" type="stmt" count="12"/>
      <line num="97" type="stmt" count="12"/>
      <line num="98" type="stmt" count="12"/>
      <line num="102" type="stmt" count="2"/>
      <line num="103" type="stmt" count="2"/>
      <line num="105" type="stmt" count="0"/>
      <line num="107" type="stmt" count="2"/>
      <line num="109" type="stmt" count="2"/>
      <line num="110" type="stmt" count="2"/>
      <line num="111" type="stmt" count="2"/>
      <line num="113" type="stmt" count="2"/>
      <line num="114" type="stmt" count="2"/>
      <line num="118" type="stmt" count="12"/>
      <line num="119" type="stmt" count="12"/>
      <line num="132" type="method" name="parseAttributes" visibility="private" complexity="5" crap="5.01" count="12"/>
      <line num="133" type="stmt" count="12"/>
      <line num="134" type="stmt" count="12"/>
      <line num="135" type="stmt" count="12"/>
      <line num="136" type="stmt" count="12"/>
      <line num="137" type="stmt" count="12"/>
      <line num="138" type="stmt" count="12"/>
      <line num="139" type="stmt" count="12"/>
      <line num="140" type="stmt" count="12"/>
      <line num="141" type="stmt" count="12"/>
      <line num="142" type="stmt" count="12"/>
      <line num="143" type="stmt" count="12"/>
      <line num="144" type="stmt" count="12"/>
      <line num="145" type="stmt" count="10"/>
      <line num="146" type="stmt" count="10"/>
      <line num="147" type="stmt" count="10"/>
      <line num="148" type="stmt" count="10"/>
      <line num="149" type="stmt" count="10"/>
      <line num="152" type="stmt" count="6"/>
      <line num="154" type="stmt" count="12"/>
      <line num="155" type="stmt" count="12"/>
      <line num="156" type="stmt" count="12"/>
      <line num="158" type="stmt" count="4"/>
      <line num="159" type="stmt" count="0"/>
      <line num="162" type="stmt" count="0"/>
      <line num="176" type="method" name="parseArgsGetRawAttribute" visibility="private" complexity="13" crap="13.46" count="10"/>
      <line num="177" type="stmt" count="10"/>
      <line num="178" type="stmt" count="10"/>
      <line num="179" type="stmt" count="10"/>
      <line num="180" type="stmt" count="10"/>
      <line num="181" type="stmt" count="10"/>
      <line num="182" type="stmt" count="10"/>
      <line num="183" type="stmt" count="10"/>
      <line num="184" type="stmt" count="10"/>
      <line num="185" type="stmt" count="10"/>
      <line num="187" type="stmt" count="10"/>
      <line num="188" type="stmt" count="4"/>
      <line num="189" type="stmt" count="4"/>
      <line num="190" type="stmt" count="4"/>
      <line num="191" type="stmt" count="3"/>
      <line num="192" type="stmt" count="3"/>
      <line num="193" type="stmt" count="3"/>
      <line num="196" type="stmt" count="10"/>
      <line num="197" type="stmt" count="9"/>
      <line num="198" type="stmt" count="9"/>
      <line num="199" type="stmt" count="9"/>
      <line num="200" type="stmt" count="9"/>
      <line num="201" type="stmt" count="3"/>
      <line num="202" type="stmt" count="3"/>
      <line num="204" type="stmt" count="8"/>
      <line num="205" type="stmt" count="0"/>
      <line num="208" type="stmt" count="8"/>
      <line num="209" type="stmt" count="9"/>
      <line num="212" type="stmt" count="6"/>
      <line num="213" type="stmt" count="0"/>
      <line num="215" type="stmt" count="10"/>
      <line num="216" type="stmt" count="10"/>
      <line num="217" type="stmt" count="10"/>
      <line num="219" type="stmt" count="2"/>
      <line num="222" type="stmt" count="10"/>
      <line num="224" type="stmt" count="10"/>
      <line num="225" type="stmt" count="6"/>
      <line num="228" type="stmt" count="9"/>
      <line num="232" type="stmt" count="9"/>
      <line num="234" type="stmt" count="0"/>
      <line num="235" type="stmt" count="0"/>
      <line num="237" type="stmt" count="0"/>
      <line num="238" type="stmt" count="0"/>
      <line num="241" type="stmt" count="9"/>
      <line num="251" type="method" name="doEval" visibility="private" complexity="1" crap="1" count="9"/>
      <line num="252" type="stmt" count="9"/>
      <line num="266" type="method" name="parseClassRef" visibility="private" complexity="10" crap="41.25" count="12"/>
      <line num="267" type="stmt" count="12"/>
      <line num="268" type="stmt" count="0"/>
      <line num="269" type="stmt" count="0"/>
      <line num="270" type="stmt" count="0"/>
      <line num="272" type="stmt" count="0"/>
      <line num="273" type="stmt" count="0"/>
      <line num="275" type="stmt" count="12"/>
      <line num="276" type="stmt" count="12"/>
      <line num="277" type="stmt" count="12"/>
      <line num="278" type="stmt" count="12"/>
      <line num="281" type="stmt" count="0"/>
      <line num="283" type="stmt" count="12"/>
      <line num="284" type="stmt" count="12"/>
      <line num="285" type="stmt" count="0"/>
      <line num="286" type="stmt" count="0"/>
      <line num="288" type="stmt" count="0"/>
      <line num="290" type="stmt" count="12"/>
      <line num="292" type="stmt" count="12"/>
      <line num="294" type="stmt" count="0"/>
      <line num="295" type="stmt" count="0"/>
      <line num="296" type="stmt" count="0"/>
      <line num="297" type="stmt" count="0"/>
      <line num="299" type="stmt" count="0"/>
      <line num="300" type="stmt" count="0"/>
      <line num="301" type="stmt" count="0"/>
      <line num="302" type="stmt" count="0"/>
      <line num="304" type="stmt" count="0"/>
      <line num="307" type="stmt" count="0"/>
      <line num="317" type="method" name="parseValueExpression" visibility="private" complexity="28" crap="31.87" count="9"/>
      <line num="318" type="stmt" count="9"/>
      <line num="319" type="stmt" count="9"/>
      <line num="320" type="stmt" count="9"/>
      <line num="321" type="stmt" count="9"/>
      <line num="322" type="stmt" count="9"/>
      <line num="323" type="stmt" count="9"/>
      <line num="324" type="stmt" count="9"/>
      <line num="325" type="stmt" count="9"/>
      <line num="326" type="stmt" count="9"/>
      <line num="327" type="stmt" count="9"/>
      <line num="328" type="stmt" count="0"/>
      <line num="329" type="stmt" count="0"/>
      <line num="331" type="stmt" count="9"/>
      <line num="332" type="stmt" count="9"/>
      <line num="333" type="stmt" count="9"/>
      <line num="334" type="stmt" count="1"/>
      <line num="335" type="stmt" count="1"/>
      <line num="336" type="stmt" count="1"/>
      <line num="338" type="stmt" count="9"/>
      <line num="339" type="stmt" count="2"/>
      <line num="340" type="stmt" count="2"/>
      <line num="341" type="stmt" count="2"/>
      <line num="342" type="stmt" count="0"/>
      <line num="344" type="stmt" count="9"/>
      <line num="347" type="stmt" count="1"/>
      <line num="351" type="stmt" count="9"/>
      <line num="353" type="stmt" count="1"/>
      <line num="354" type="stmt" count="1"/>
      <line num="355" type="stmt" count="1"/>
      <line num="356" type="stmt" count="1"/>
      <line num="360" type="stmt" count="8"/>
      <line num="361" type="stmt" count="8"/>
      <line num="364" type="stmt" count="0"/>
      <line num="366" type="stmt" count="0"/>
      <line num="368" type="stmt" count="0"/>
      <line num="369" type="stmt" count="0"/>
      <line num="373" type="stmt" count="2"/>
      <line num="375" type="stmt" count="2"/>
      <line num="379" type="stmt" count="1"/>
      <line num="380" type="stmt" count="1"/>
      <line num="384" type="stmt" count="1"/>
      <line num="387" type="stmt" count="0"/>
      <line num="390" type="stmt" count="8"/>
      <line num="393" type="stmt" count="9"/>
      <line num="394" type="stmt" count="9"/>
      <line num="395" type="stmt" count="9"/>
      <line num="396" type="stmt" count="9"/>
      <line num="412" type="method" name="parseArray" visibility="private" complexity="6" crap="6.02" count="1"/>
      <line num="413" type="stmt" count="1"/>
      <line num="414" type="stmt" count="1"/>
      <line num="415" type="stmt" count="1"/>
      <line num="416" type="stmt" count="1"/>
      <line num="417" type="stmt" count="1"/>
      <line num="418" type="stmt" count="1"/>
      <line num="419" type="stmt" count="1"/>
      <line num="420" type="stmt" count="1"/>
      <line num="421" type="stmt" count="1"/>
      <line num="422" type="stmt" count="1"/>
      <line num="423" type="stmt" count="1"/>
      <line num="424" type="stmt" count="1"/>
      <line num="425" type="stmt" count="1"/>
      <line num="426" type="stmt" count="1"/>
      <line num="428" type="stmt" count="1"/>
      <line num="429" type="stmt" count="1"/>
      <line num="430" type="stmt" count="1"/>
      <line num="431" type="stmt" count="1"/>
      <line num="433" type="stmt" count="1"/>
      <line num="434" type="stmt" count="0"/>
      <line num="438" type="stmt" count="1"/>
      <line num="440" type="stmt" count="1"/>
      <line num="441" type="stmt" count="0"/>
      <line num="444" type="stmt" count="1"/>
      <line num="457" type="method" name="parseConstRef" visibility="private" complexity="17" crap="26.02" count="2"/>
      <line num="458" type="stmt" count="2"/>
      <line num="459" type="stmt" count="1"/>
      <line num="460" type="stmt" count="1"/>
      <line num="461" type="stmt" count="0"/>
      <line num="463" type="stmt" count="1"/>
      <line num="464" type="stmt" count="1"/>
      <line num="465" type="stmt" count="1"/>
      <line num="467" type="stmt" count="2"/>
      <line num="468" type="stmt" count="2"/>
      <line num="469" type="stmt" count="2"/>
      <line num="470" type="stmt" count="2"/>
      <line num="473" type="stmt" count="0"/>
      <line num="475" type="stmt" count="2"/>
      <line num="476" type="stmt" count="1"/>
      <line num="477" type="stmt" count="1"/>
      <line num="478" type="stmt" count="0"/>
      <line num="480" type="stmt" count="1"/>
      <line num="481" type="stmt" count="1"/>
      <line num="483" type="stmt" count="2"/>
      <line num="484" type="stmt" count="2"/>
      <line num="485" type="stmt" count="2"/>
      <line num="486" type="stmt" count="0"/>
      <line num="488" type="stmt" count="2"/>
      <line num="490" type="stmt" count="0"/>
      <line num="493" type="stmt" count="0"/>
      <line num="494" type="stmt" count="0"/>
      <line num="495" type="stmt" count="0"/>
      <line num="498" type="stmt" count="0"/>
      <line num="499" type="stmt" count="0"/>
      <line num="500" type="stmt" count="0"/>
      <line num="501" type="stmt" count="0"/>
      <line num="505" type="stmt" count="0"/>
      <line num="506" type="stmt" count="0"/>
      <line num="509" type="stmt" count="2"/>
      <line num="510" type="stmt" count="2"/>
      <line num="511" type="stmt" count="1"/>
      <line num="512" type="stmt" count="0"/>
      <line num="514" type="stmt" count="1"/>
      <line num="517" type="stmt" count="2"/>
      <line num="520" type="stmt" count="2"/>
      <line num="521" type="stmt" count="2"/>
      <line num="522" type="stmt" count="2"/>
      <line num="523" type="stmt" count="2"/>
      <line num="524" type="stmt" count="2"/>
      <line num="525" type="stmt" count="2"/>
      <line num="527" type="stmt" count="1"/>
      <line num="528" type="stmt" count="0"/>
      <line num="530" type="stmt" count="1"/>
      <line num="531" type="stmt" count="1"/>
      <line num="532" type="stmt" count="1"/>
      <line num="533" type="stmt" count="1"/>
      <line num="534" type="stmt" count="1"/>
      <line num="535" type="stmt" count="0"/>
      <line num="538" type="stmt" count="1"/>
      <metrics loc="541" ncloc="447" classes="1" methods="10" coveredmethods="2" conditionals="0" coveredconditionals="0" statements="268" coveredstatements="209" elements="278" coveredelements="211"/>
    </file>
    <file name="/home/lemonhead/projects/phplib/quick-attributes-parser/src/AttributeCommentParser/AttributeCommentParserInterface.php">
      <metrics loc="31" ncloc="14" classes="0" methods="0" coveredmethods="0" conditionals="0" coveredconditionals="0" statements="0" coveredstatements="0" elements="0" coveredelements="0"/>
    </file>
    <file name="/home/lemonhead/projects/phplib/quick-attributes-parser/src/AttributeReader/AttributeReader.php">
      <class name="Donquixote\QuickAttributes\AttributeReader\AttributeReader" namespace="global">
        <metrics complexity="2" methods="1" coveredmethods="1" conditionals="0" coveredconditionals="0" statements="3" coveredstatements="3" elements="4" coveredelements="4"/>
      </class>
      <line num="9" type="method" name="create" visibility="public" complexity="2" crap="2" count="3"/>
      <line num="10" type="stmt" count="3"/>
      <line num="11" type="stmt" count="3"/>
      <line num="12" type="stmt" count="3"/>
      <metrics loc="15" ncloc="15" classes="1" methods="1" coveredmethods="1" conditionals="0" coveredconditionals="0" statements="3" coveredstatements="3" elements="4" coveredelements="4"/>
    </file>
    <file name="/home/lemonhead/projects/phplib/quick-attributes-parser/src/AttributeReader/AttributeReaderInterface.php">
      <metrics loc="21" ncloc="14" classes="0" methods="0" coveredmethods="0" conditionals="0" coveredconditionals="0" statements="0" coveredstatements="0" elements="0" coveredelements="0"/>
    </file>
    <file name="/home/lemonhead/projects/phplib/quick-attributes-parser/src/AttributeReader/AttributeReader_Fallback.php">
      <class name="Donquixote\QuickAttributes\AttributeReader\AttributeReader_Fallback" namespace="global">
        <metrics complexity="8" methods="3" coveredmethods="2" conditionals="0" coveredconditionals="0" statements="22" coveredstatements="19" elements="25" coveredelements="21"/>
      </class>
      <line num="33" type="method" name="__construct" visibility="public" complexity="1" crap="1" count="3"/>
      <line num="34" type="stmt" count="3"/>
      <line num="35" type="stmt" count="3"/>
      <line num="36" type="stmt" count="3"/>
      <line num="41" type="method" name="create" visibility="public" complexity="1" crap="1" count="3"/>
      <line num="42" type="stmt" count="3"/>
      <line num="43" type="stmt" count="3"/>
      <line num="44" type="stmt" count="3"/>
      <line num="50" type="method" name="read" visibility="public" complexity="6" crap="6.24" count="3"/>
      <line num="51" type="stmt" count="3"/>
      <line num="52" type="stmt" count="3"/>
      <line num="53" type="stmt" count="3"/>
      <line num="55" type="stmt" count="2"/>
      <line num="56" type="stmt" count="2"/>
      <line num="57" type="stmt" count="2"/>
      <line num="59" type="stmt" count="2"/>
      <line num="60" type="stmt" count="2"/>
      <line num="61" type="stmt" count="2"/>
      <line num="63" type="stmt" count="2"/>
      <line num="64" type="stmt" count="2"/>
      <line num="67" type="stmt" count="0"/>
      <line num="68" type="stmt" count="0"/>
      <line num="71" type="stmt" count="2"/>
      <line num="72" type="stmt" count="0"/>
      <line num="74" type="stmt" count="2"/>
      <metrics loc="77" ncloc="59" classes="1" methods="3" coveredmethods="2" conditionals="0" coveredconditionals="0" statements="22" coveredstatements="19" elements="25" coveredelements="21"/>
    </file>
    <file name="/home/lemonhead/projects/phplib/quick-attributes-parser/src/AttributeReader/AttributeReader_Native.php">
      <class name="Donquixote\QuickAttributes\AttributeReader\AttributeReader_Native" namespace="global">
        <metrics complexity="3" methods="2" coveredmethods="0" conditionals="0" coveredconditionals="0" statements="3" coveredstatements="0" elements="5" coveredelements="0"/>
      </class>
      <line num="13" type="method" name="__construct" visibility="public" complexity="2" crap="6" count="0"/>
      <line num="14" type="stmt" count="0"/>
      <line num="15" type="stmt" count="0"/>
      <line num="19" type="method" name="read" visibility="public" complexity="1" crap="2" count="0"/>
      <line num="20" type="stmt" count="0"/>
      <metrics loc="23" ncloc="23" classes="1" methods="2" coveredmethods="0" conditionals="0" coveredconditionals="0" statements="3" coveredstatements="0" elements="5" coveredelements="0"/>
    </file>
    <file name="/home/lemonhead/projects/phplib/quick-attributes-parser/src/AttributesList/AttributesListInterface.php">
      <metrics loc="39" ncloc="15" classes="0" methods="0" coveredmethods="0" conditionals="0" coveredconditionals="0" statements="0" coveredstatements="0" elements="0" coveredelements="0"/>
    </file>
    <file name="/home/lemonhead/projects/phplib/quick-attributes-parser/src/AttributesList/AttributesList_Fallback.php">
      <class name="Donquixote\QuickAttributes\AttributesList\AttributesList_Fallback" namespace="global">
        <metrics complexity="10" methods="4" coveredmethods="2" conditionals="0" coveredconditionals="0" statements="16" coveredstatements="3" elements="20" coveredelements="5"/>
      </class>
      <line num="21" type="method" name="__construct" visibility="public" complexity="1" crap="1" count="2"/>
      <line num="22" type="stmt" count="2"/>
      <line num="23" type="stmt" count="2"/>
      <line num="28" type="method" name="has" visibility="public" complexity="4" crap="20" count="0"/>
      <line num="29" type="stmt" count="0"/>
      <line num="30" type="stmt" count="0"/>
      <line num="32" type="stmt" count="0"/>
      <line num="33" type="stmt" count="0"/>
      <line num="34" type="stmt" count="0"/>
      <line num="37" type="stmt" count="0"/>
      <line num="43" type="method" name="count" visibility="public" complexity="4" crap="20" count="0"/>
      <line num="44" type="stmt" count="0"/>
      <line num="45" type="stmt" count="0"/>
      <line num="47" type="stmt" count="0"/>
      <line num="48" type="stmt" count="0"/>
      <line num="49" type="stmt" count="0"/>
      <line num="50" type="stmt" count="0"/>
      <line num="53" type="stmt" count="0"/>
      <line num="59" type="method" name="createInstances" visibility="public" complexity="1" crap="1" count="2"/>
      <line num="60" type="stmt" count="2"/>
      <metrics loc="63" ncloc="46" classes="1" methods="4" coveredmethods="2" conditionals="0" coveredconditionals="0" statements="16" coveredstatements="3" elements="20" coveredelements="5"/>
    </file>
    <file name="/home/lemonhead/projects/phplib/quick-attributes-parser/src/AttributesList/AttributesList_Native.php">
      <class name="Donquixote\QuickAttributes\AttributesList\AttributesList_Native" namespace="global">
        <metrics complexity="5" methods="4" coveredmethods="0" conditionals="0" coveredconditionals="0" statements="8" coveredstatements="0" elements="12" coveredelements="0"/>
      </class>
      <line num="19" type="method" name="__construct" visibility="public" complexity="1" crap="2" count="0"/>
      <line num="21" type="stmt" count="0"/>
      <line num="22" type="stmt" count="0"/>
      <line num="28" type="method" name="has" visibility="public" complexity="1" crap="2" count="0"/>
      <line num="29" type="stmt" count="0"/>
      <line num="37" type="method" name="count" visibility="public" complexity="1" crap="2" count="0"/>
      <line num="38" type="stmt" count="0"/>
      <line num="47" type="method" name="createInstances" visibility="public" complexity="2" crap="6" count="0"/>
      <line num="48" type="stmt" count="0"/>
      <line num="49" type="stmt" count="0"/>
      <line num="52" type="stmt" count="0"/>
      <line num="54" type="stmt" count="0"/>
      <metrics loc="57" ncloc="39" classes="1" methods="4" coveredmethods="0" conditionals="0" coveredconditionals="0" statements="8" coveredstatements="0" elements="12" coveredelements="0"/>
    </file>
    <file name="/home/lemonhead/projects/phplib/quick-attributes-parser/src/Exception/ParserException.php">
      <class name="Donquixote\QuickAttributes\Exception\ParserException" namespace="global">
        <metrics complexity="7" methods="3" coveredmethods="1" conditionals="0" coveredconditionals="0" statements="14" coveredstatements="6" elements="17" coveredelements="7"/>
      </class>
      <line num="22" type="method" name="__construct" visibility="public" complexity="1" crap="1" count="18"/>
      <line num="23" type="stmt" count="18"/>
      <line num="24" type="stmt" count="18"/>
      <line num="32" type="method" name="setSourceFile" visibility="public" complexity="4" crap="20" count="0"/>
      <line num="33" type="stmt" count="0"/>
      <line num="34" type="stmt" count="0"/>
      <line num="38" type="stmt" count="0"/>
      <line num="40" type="stmt" count="0"/>
      <line num="41" type="stmt" count="0"/>
      <line num="44" type="stmt" count="0"/>
      <line num="46" type="stmt" count="0"/>
      <line num="60" type="method" name="fromTokenPos" visibility="public" complexity="2" crap="2.03" count="17"/>
      <line num="61" type="stmt" count="17"/>
      <line num="62" type="stmt" count="17"/>
      <line num="63" type="stmt" count="17"/>
      <line num="64" type="stmt" count="0"/>
      <line num="66" type="stmt" count="17"/>
      <metrics loc="69" ncloc="42" classes="1" methods="3" coveredmethods="1" conditionals="0" coveredconditionals="0" statements="14" coveredstatements="6" elements="17" coveredelements="7"/>
    </file>
    <file name="/home/lemonhead/projects/phplib/quick-attributes-parser/src/Exception/SyntaxException.php">
      <class name="Donquixote\QuickAttributes\Exception\SyntaxException" namespace="global">
        <metrics complexity="3" methods="3" coveredmethods="2" conditionals="0" coveredconditionals="0" statements="15" coveredstatements="10" elements="18" coveredelements="12"/>
      </class>
      <line num="18" type="method" name="unexpected" visibility="public" complexity="1" crap="1" count="9"/>
      <line num="19" type="stmt" count="9"/>
      <line num="20" type="stmt" count="9"/>
      <line num="22" type="stmt" count="9"/>
      <line num="23" type="stmt" count="9"/>
      <line num="24" type="stmt" count="9"/>
      <line num="35" type="method" name="unexpectedAfter" visibility="public" complexity="1" crap="2" count="0"/>
      <line num="36" type="stmt" count="0"/>
      <line num="37" type="stmt" count="0"/>
      <line num="39" type="stmt" count="0"/>
      <line num="40" type="stmt" count="0"/>
      <line num="41" type="stmt" count="0"/>
      <line num="52" type="method" name="expectedButFound" visibility="public" complexity="1" crap="1" count="3"/>
      <line num="53" type="stmt" count="3"/>
      <line num="54" type="stmt" count="3"/>
      <line num="56" type="stmt" count="3"/>
      <line num="57" type="stmt" count="3"/>
      <line num="59" type="stmt" count="3"/>
      <metrics loc="62" ncloc="41" classes="1" methods="3" coveredmethods="2" conditionals="0" coveredconditionals="0" statements="15" coveredstatements="10" elements="18" coveredelements="12"/>
    </file>
    <file name="/home/lemonhead/projects/phplib/quick-attributes-parser/src/Exception/UnsupportedSyntaxException.php">
      <class name="Donquixote\QuickAttributes\Exception\UnsupportedSyntaxException" namespace="global">
        <metrics complexity="0" methods="0" coveredmethods="0" conditionals="0" coveredconditionals="0" statements="0" coveredstatements="0" elements="0" coveredelements="0"/>
      </class>
      <metrics loc="9" ncloc="9" classes="0" methods="0" coveredmethods="0" conditionals="0" coveredconditionals="0" statements="0" coveredstatements="0" elements="0" coveredelements="0"/>
    </file>
    <file name="/home/lemonhead/projects/phplib/quick-attributes-parser/src/FileTokens/FileTokensInterface.php">
      <metrics loc="22" ncloc="11" classes="0" methods="0" coveredmethods="0" conditionals="0" coveredconditionals="0" statements="0" coveredstatements="0" elements="0" coveredelements="0"/>
    </file>
    <file name="/home/lemonhead/projects/phplib/quick-attributes-parser/src/FileTokens/FileTokens_Common.php">
      <class name="Donquixote\QuickAttributes\FileTokens\FileTokens_Common" namespace="global">
        <metrics complexity="6" methods="3" coveredmethods="2" conditionals="0" coveredconditionals="0" statements="38" coveredstatements="36" elements="41" coveredelements="38"/>
      </class>
      <line num="28" type="method" name="fromFile" visibility="public" complexity="1" crap="1" count="12"/>
      <line num="29" type="stmt" count="12"/>
      <line num="30" type="stmt" count="12"/>
      <line num="38" type="method" name="__construct" visibility="public" complexity="1" crap="1" count="36"/>
      <line num="39" type="stmt" count="36"/>
      <line num="40" type="stmt" count="36"/>
      <line num="45" type="method" name="getTokenss" visibility="public" complexity="4" crap="4.00" count="36"/>
      <line num="46" type="stmt" count="36"/>
      <line num="47" type="stmt" count="36"/>
      <line num="49" type="stmt" count="36"/>
      <line num="50" type="stmt" count="36"/>
      <line num="51" type="stmt" count="36"/>
      <line num="52" type="stmt" count="36"/>
      <line num="53" type="stmt" count="36"/>
      <line num="54" type="stmt" count="36"/>
      <line num="57" type="stmt" count="16"/>
      <line num="58" type="stmt" count="16"/>
      <line num="59" type="stmt" count="16"/>
      <line num="60" type="stmt" count="0"/>
      <line num="64" type="stmt" count="20"/>
      <line num="65" type="stmt" count="20"/>
      <line num="66" type="stmt" count="20"/>
      <line num="68" type="stmt" count="20"/>
      <line num="69" type="stmt" count="20"/>
      <line num="74" type="stmt" count="20"/>
      <line num="75" type="stmt" count="20"/>
      <line num="76" type="stmt" count="20"/>
      <line num="79" type="stmt" count="20"/>
      <line num="85" type="stmt" count="18"/>
      <line num="86" type="stmt" count="18"/>
      <line num="87" type="stmt" count="18"/>
      <line num="89" type="stmt" count="18"/>
      <line num="90" type="stmt" count="18"/>
      <line num="92" type="stmt" count="18"/>
      <line num="96" type="stmt" count="18"/>
      <line num="97" type="stmt" count="18"/>
      <line num="98" type="stmt" count="18"/>
      <line num="101" type="stmt" count="18"/>
      <line num="104" type="stmt" count="18"/>
      <line num="105" type="stmt" count="0"/>
      <metrics loc="107" ncloc="94" classes="1" methods="3" coveredmethods="2" conditionals="0" coveredconditionals="0" statements="38" coveredstatements="36" elements="41" coveredelements="38"/>
    </file>
    <file name="/home/lemonhead/projects/phplib/quick-attributes-parser/src/Parser/FileParser.php">
      <class name="Donquixote\QuickAttributes\Parser\FileParser" namespace="global">
        <metrics complexity="162" methods="11" coveredmethods="1" conditionals="0" coveredconditionals="0" statements="429" coveredstatements="354" elements="440" coveredelements="355"/>
      </class>
      <line num="16" type="method" name="__construct" visibility="public" complexity="2" crap="2.15" count="36"/>
      <line num="17" type="stmt" count="36"/>
      <line num="18" type="stmt" count="0"/>
      <line num="20" type="stmt" count="36"/>
      <line num="30" type="method" name="parseFileTokens" visibility="public" complexity="37" crap="37" count="36"/>
      <line num="32" type="stmt" count="36"/>
      <line num="33" type="stmt" count="36"/>
      <line num="35" type="stmt" count="36"/>
      <line num="37" type="stmt" count="36"/>
      <line num="38" type="stmt" count="36"/>
      <line num="39" type="stmt" count="36"/>
      <line num="40" type="stmt" count="36"/>
      <line num="41" type="stmt" count="36"/>
      <line num="42" type="stmt" count="36"/>
      <line num="43" type="stmt" count="36"/>
      <line num="44" type="stmt" count="36"/>
      <line num="45" type="stmt" count="21"/>
      <line num="46" type="stmt" count="21"/>
      <line num="47" type="stmt" count="21"/>
      <line num="48" type="stmt" count="21"/>
      <line num="49" type="stmt" count="17"/>
      <line num="50" type="stmt" count="17"/>
      <line num="51" type="stmt" count="17"/>
      <line num="53" type="stmt" count="21"/>
      <line num="54" type="stmt" count="1"/>
      <line num="55" type="stmt" count="1"/>
      <line num="56" type="stmt" count="1"/>
      <line num="58" type="stmt" count="21"/>
      <line num="59" type="stmt" count="21"/>
      <line num="60" type="stmt" count="19"/>
      <line num="61" type="stmt" count="3"/>
      <line num="63" type="stmt" count="18"/>
      <line num="65" type="stmt" count="9"/>
      <line num="68" type="stmt" count="18"/>
      <line num="72" type="stmt" count="36"/>
      <line num="73" type="stmt" count="36"/>
      <line num="75" type="stmt" count="36"/>
      <line num="77" type="stmt" count="36"/>
      <line num="79" type="stmt" count="2"/>
      <line num="81" type="stmt" count="36"/>
      <line num="82" type="stmt" count="11"/>
      <line num="84" type="stmt" count="9"/>
      <line num="87" type="stmt" count="11"/>
      <line num="89" type="stmt" count="36"/>
      <line num="90" type="stmt" count="36"/>
      <line num="91" type="stmt" count="36"/>
      <line num="92" type="stmt" count="36"/>
      <line num="93" type="stmt" count="36"/>
      <line num="94" type="stmt" count="36"/>
      <line num="96" type="stmt" count="13"/>
      <line num="98" type="stmt" count="36"/>
      <line num="99" type="stmt" count="22"/>
      <line num="100" type="stmt" count="1"/>
      <line num="102" type="stmt" count="22"/>
      <line num="103" type="stmt" count="18"/>
      <line num="104" type="stmt" count="18"/>
      <line num="106" type="stmt" count="36"/>
      <line num="107" type="stmt" count="10"/>
      <line num="108" type="stmt" count="10"/>
      <line num="110" type="stmt" count="36"/>
      <line num="111" type="stmt" count="12"/>
      <line num="112" type="stmt" count="12"/>
      <line num="113" type="stmt" count="12"/>
      <line num="116" type="stmt" count="3"/>
      <line num="117" type="stmt" count="2"/>
      <line num="118" type="stmt" count="2"/>
      <line num="119" type="stmt" count="2"/>
      <line num="120" type="stmt" count="2"/>
      <line num="121" type="stmt" count="2"/>
      <line num="122" type="stmt" count="2"/>
      <line num="123" type="stmt" count="2"/>
      <line num="125" type="stmt" count="1"/>
      <line num="126" type="stmt" count="1"/>
      <line num="129" type="stmt" count="2"/>
      <line num="131" type="stmt" count="10"/>
      <line num="132" type="stmt" count="10"/>
      <line num="133" type="stmt" count="10"/>
      <line num="134" type="stmt" count="10"/>
      <line num="135" type="stmt" count="10"/>
      <line num="136" type="stmt" count="10"/>
      <line num="137" type="stmt" count="10"/>
      <line num="138" type="stmt" count="10"/>
      <line num="140" type="stmt" count="4"/>
      <line num="142" type="stmt" count="4"/>
      <line num="144" type="stmt" count="36"/>
      <line num="145" type="stmt" count="36"/>
      <line num="146" type="stmt" count="36"/>
      <line num="147" type="stmt" count="18"/>
      <line num="148" type="stmt" count="18"/>
      <line num="149" type="stmt" count="18"/>
      <line num="150" type="stmt" count="18"/>
      <line num="153" type="stmt" count="18"/>
      <line num="154" type="stmt" count="18"/>
      <line num="155" type="stmt" count="18"/>
      <line num="158" type="stmt" count="18"/>
      <line num="159" type="stmt" count="16"/>
      <line num="160" type="stmt" count="16"/>
      <line num="161" type="stmt" count="6"/>
      <line num="162" type="stmt" count="6"/>
      <line num="164" type="stmt" count="36"/>
      <line num="165" type="stmt" count="36"/>
      <line num="167" type="stmt" count="3"/>
      <line num="171" type="stmt" count="36"/>
      <line num="175" type="stmt" count="0"/>
      <line num="185" type="method" name="parseNamespace" visibility="private" complexity="6" crap="6" count="22"/>
      <line num="186" type="stmt" count="22"/>
      <line num="187" type="stmt" count="22"/>
      <line num="188" type="stmt" count="22"/>
      <line num="189" type="stmt" count="21"/>
      <line num="190" type="stmt" count="21"/>
      <line num="191" type="stmt" count="21"/>
      <line num="192" type="stmt" count="20"/>
      <line num="194" type="stmt" count="13"/>
      <line num="195" type="stmt" count="13"/>
      <line num="196" type="stmt" count="1"/>
      <line num="198" type="stmt" count="12"/>
      <line num="200" type="stmt" count="20"/>
      <line num="201" type="stmt" count="20"/>
      <line num="202" type="stmt" count="2"/>
      <line num="203" type="stmt" count="1"/>
      <line num="205" type="stmt" count="1"/>
      <line num="207" type="stmt" count="18"/>
      <line num="208" type="stmt" count="18"/>
      <line num="219" type="method" name="skipClassLikeExtendsImplements" visibility="private" complexity="14" crap="14" count="18"/>
      <line num="220" type="stmt" count="18"/>
      <line num="223" type="stmt" count="18"/>
      <line num="224" type="stmt" count="18"/>
      <line num="225" type="stmt" count="18"/>
      <line num="226" type="stmt" count="17"/>
      <line num="227" type="stmt" count="17"/>
      <line num="228" type="stmt" count="1"/>
      <line num="230" type="stmt" count="17"/>
      <line num="231" type="stmt" count="16"/>
      <line num="232" type="stmt" count="16"/>
      <line num="235" type="stmt" count="2"/>
      <line num="239" type="stmt" count="18"/>
      <line num="240" type="stmt" count="18"/>
      <line num="241" type="stmt" count="18"/>
      <line num="242" type="stmt" count="18"/>
      <line num="243" type="stmt" count="18"/>
      <line num="244" type="stmt" count="18"/>
      <line num="245" type="stmt" count="18"/>
      <line num="246" type="stmt" count="18"/>
      <line num="247" type="stmt" count="18"/>
      <line num="250" type="stmt" count="1"/>
      <line num="254" type="stmt" count="0"/>
      <line num="265" type="method" name="parseClassLikeBody" visibility="private" complexity="37" crap="37.92" count="16"/>
      <line num="266" type="stmt" count="16"/>
      <line num="267" type="stmt" count="16"/>
      <line num="268" type="stmt" count="16"/>
      <line num="269" type="stmt" count="16"/>
      <line num="270" type="stmt" count="16"/>
      <line num="271" type="stmt" count="13"/>
      <line num="272" type="stmt" count="13"/>
      <line num="273" type="stmt" count="13"/>
      <line num="274" type="stmt" count="13"/>
      <line num="275" type="stmt" count="11"/>
      <line num="276" type="stmt" count="11"/>
      <line num="277" type="stmt" count="11"/>
      <line num="279" type="stmt" count="13"/>
      <line num="280" type="stmt" count="0"/>
      <line num="281" type="stmt" count="0"/>
      <line num="282" type="stmt" count="0"/>
      <line num="284" type="stmt" count="13"/>
      <line num="285" type="stmt" count="13"/>
      <line num="286" type="stmt" count="12"/>
      <line num="287" type="stmt" count="1"/>
      <line num="289" type="stmt" count="12"/>
      <line num="290" type="stmt" count="6"/>
      <line num="291" type="stmt" count="6"/>
      <line num="293" type="stmt" count="11"/>
      <line num="299" type="stmt" count="15"/>
      <line num="300" type="stmt" count="15"/>
      <line num="302" type="stmt" count="15"/>
      <line num="304" type="stmt" count="14"/>
      <line num="306" type="stmt" count="12"/>
      <line num="308" type="stmt" count="14"/>
      <line num="309" type="stmt" count="9"/>
      <line num="311" type="stmt" count="8"/>
      <line num="314" type="stmt" count="9"/>
      <line num="316" type="stmt" count="14"/>
      <line num="317" type="stmt" count="14"/>
      <line num="318" type="stmt" count="14"/>
      <line num="319" type="stmt" count="14"/>
      <line num="320" type="stmt" count="14"/>
      <line num="321" type="stmt" count="14"/>
      <line num="323" type="stmt" count="13"/>
      <line num="325" type="stmt" count="14"/>
      <line num="326" type="stmt" count="14"/>
      <line num="327" type="stmt" count="14"/>
      <line num="328" type="stmt" count="14"/>
      <line num="329" type="stmt" count="0"/>
      <line num="331" type="stmt" count="14"/>
      <line num="334" type="stmt" count="0"/>
      <line num="336" type="stmt" count="14"/>
      <line num="337" type="stmt" count="13"/>
      <line num="338" type="stmt" count="13"/>
      <line num="339" type="stmt" count="0"/>
      <line num="341" type="stmt" count="13"/>
      <line num="342" type="stmt" count="13"/>
      <line num="343" type="stmt" count="13"/>
      <line num="344" type="stmt" count="13"/>
      <line num="345" type="stmt" count="13"/>
      <line num="347" type="stmt" count="13"/>
      <line num="348" type="stmt" count="13"/>
      <line num="350" type="stmt" count="10"/>
      <line num="352" type="stmt" count="11"/>
      <line num="353" type="stmt" count="9"/>
      <line num="354" type="stmt" count="9"/>
      <line num="355" type="stmt" count="9"/>
      <line num="356" type="stmt" count="9"/>
      <line num="358" type="stmt" count="9"/>
      <line num="360" type="stmt" count="9"/>
      <line num="362" type="stmt" count="10"/>
      <line num="363" type="stmt" count="8"/>
      <line num="364" type="stmt" count="8"/>
      <line num="365" type="stmt" count="8"/>
      <line num="366" type="stmt" count="8"/>
      <line num="368" type="stmt" count="8"/>
      <line num="370" type="stmt" count="8"/>
      <line num="372" type="stmt" count="10"/>
      <line num="373" type="stmt" count="1"/>
      <line num="375" type="stmt" count="10"/>
      <line num="379" type="stmt" count="1"/>
      <line num="382" type="stmt" count="11"/>
      <line num="384" type="stmt" count="0"/>
      <line num="397" type="method" name="parseFunctionHead" visibility="private" complexity="4" crap="4.11" count="24"/>
      <line num="398" type="stmt" count="24"/>
      <line num="400" type="stmt" count="24"/>
      <line num="401" type="stmt" count="24"/>
      <line num="402" type="stmt" count="24"/>
      <line num="403" type="stmt" count="0"/>
      <line num="404" type="stmt" count="0"/>
      <line num="407" type="stmt" count="24"/>
      <line num="408" type="stmt" count="22"/>
      <line num="409" type="stmt" count="22"/>
      <line num="410" type="stmt" count="22"/>
      <line num="411" type="stmt" count="22"/>
      <line num="412" type="stmt" count="22"/>
      <line num="415" type="stmt" count="3"/>
      <line num="417" type="stmt" count="3"/>
      <line num="418" type="stmt" count="3"/>
      <line num="421" type="stmt" count="0"/>
      <line num="434" type="method" name="parseParams" visibility="private" complexity="14" crap="14" count="22"/>
      <line num="435" type="stmt" count="22"/>
      <line num="437" type="stmt" count="22"/>
      <line num="438" type="stmt" count="22"/>
      <line num="439" type="stmt" count="22"/>
      <line num="440" type="stmt" count="22"/>
      <line num="441" type="stmt" count="13"/>
      <line num="443" type="stmt" count="13"/>
      <line num="444" type="stmt" count="11"/>
      <line num="445" type="stmt" count="11"/>
      <line num="447" type="stmt" count="3"/>
      <line num="448" type="stmt" count="1"/>
      <line num="450" type="stmt" count="2"/>
      <line num="452" type="stmt" count="1"/>
      <line num="455" type="stmt" count="2"/>
      <line num="459" type="stmt" count="22"/>
      <line num="460" type="stmt" count="22"/>
      <line num="461" type="stmt" count="11"/>
      <line num="463" type="stmt" count="11"/>
      <line num="465" type="stmt" count="11"/>
      <line num="467" type="stmt" count="22"/>
      <line num="468" type="stmt" count="22"/>
      <line num="469" type="stmt" count="22"/>
      <line num="470" type="stmt" count="22"/>
      <line num="471" type="stmt" count="22"/>
      <line num="472" type="stmt" count="22"/>
      <line num="473" type="stmt" count="6"/>
      <line num="476" type="stmt" count="21"/>
      <line num="477" type="stmt" count="12"/>
      <line num="478" type="stmt" count="12"/>
      <line num="480" type="stmt" count="19"/>
      <line num="481" type="stmt" count="2"/>
      <line num="484" type="stmt" count="17"/>
      <line num="488" type="stmt" count="17"/>
      <line num="492" type="stmt" count="0"/>
      <line num="503" type="method" name="parseClassPropertyGroup" visibility="private" complexity="6" crap="6.12" count="9"/>
      <line num="504" type="stmt" count="9"/>
      <line num="505" type="stmt" count="9"/>
      <line num="507" type="stmt" count="9"/>
      <line num="508" type="stmt" count="9"/>
      <line num="509" type="stmt" count="9"/>
      <line num="510" type="stmt" count="9"/>
      <line num="511" type="stmt" count="1"/>
      <line num="513" type="stmt" count="9"/>
      <line num="514" type="stmt" count="9"/>
      <line num="515" type="stmt" count="9"/>
      <line num="517" type="stmt" count="1"/>
      <line num="518" type="stmt" count="0"/>
      <line num="520" type="stmt" count="1"/>
      <line num="521" type="stmt" count="1"/>
      <line num="522" type="stmt" count="1"/>
      <line num="523" type="stmt" count="0"/>
      <line num="525" type="stmt" count="1"/>
      <line num="526" type="stmt" count="1"/>
      <line num="527" type="stmt" count="1"/>
      <line num="529" type="stmt" count="0"/>
      <line num="540" type="method" name="parseClassConstGroup" visibility="private" complexity="6" crap="8.83" count="8"/>
      <line num="541" type="stmt" count="8"/>
      <line num="543" type="stmt" count="8"/>
      <line num="544" type="stmt" count="8"/>
      <line num="545" type="stmt" count="8"/>
      <line num="547" type="stmt" count="8"/>
      <line num="548" type="stmt" count="8"/>
      <line num="549" type="stmt" count="8"/>
      <line num="550" type="stmt" count="8"/>
      <line num="551" type="stmt" count="8"/>
      <line num="553" type="stmt" count="8"/>
      <line num="554" type="stmt" count="8"/>
      <line num="555" type="stmt" count="8"/>
      <line num="557" type="stmt" count="0"/>
      <line num="558" type="stmt" count="0"/>
      <line num="560" type="stmt" count="0"/>
      <line num="561" type="stmt" count="0"/>
      <line num="562" type="stmt" count="0"/>
      <line num="564" type="stmt" count="0"/>
      <line num="565" type="stmt" count="0"/>
      <line num="566" type="stmt" count="0"/>
      <line num="568" type="stmt" count="0"/>
      <line num="580" type="method" name="skipVarDefault" visibility="private" complexity="15" crap="15.19" count="14"/>
      <line num="581" type="stmt" count="14"/>
      <line num="582" type="stmt" count="14"/>
      <line num="583" type="stmt" count="14"/>
      <line num="584" type="stmt" count="14"/>
      <line num="586" type="stmt" count="14"/>
      <line num="589" type="stmt" count="14"/>
      <line num="590" type="stmt" count="14"/>
      <line num="591" type="stmt" count="14"/>
      <line num="592" type="stmt" count="14"/>
      <line num="593" type="stmt" count="2"/>
      <line num="594" type="stmt" count="2"/>
      <line num="595" type="stmt" count="2"/>
      <line num="597" type="stmt" count="14"/>
      <line num="598" type="stmt" count="3"/>
      <line num="599" type="stmt" count="3"/>
      <line num="601" type="stmt" count="13"/>
      <line num="602" type="stmt" count="2"/>
      <line num="603" type="stmt" count="0"/>
      <line num="605" type="stmt" count="2"/>
      <line num="606" type="stmt" count="2"/>
      <line num="608" type="stmt" count="11"/>
      <line num="609" type="stmt" count="9"/>
      <line num="610" type="stmt" count="0"/>
      <line num="612" type="stmt" count="9"/>
      <line num="613" type="stmt" count="9"/>
      <line num="615" type="stmt" count="3"/>
      <line num="616" type="stmt" count="2"/>
      <line num="617" type="stmt" count="1"/>
      <line num="619" type="stmt" count="2"/>
      <line num="620" type="stmt" count="1"/>
      <line num="623" type="stmt" count="1"/>
      <line num="628" type="stmt" count="0"/>
      <line num="644" type="method" name="parseImportGroup" visibility="protected" complexity="21" crap="98.85" count="10"/>
      <line num="645" type="stmt" count="10"/>
      <line num="646" type="stmt" count="10"/>
      <line num="647" type="stmt" count="10"/>
      <line num="648" type="stmt" count="10"/>
      <line num="649" type="stmt" count="2"/>
      <line num="650" type="stmt" count="2"/>
      <line num="651" type="stmt" count="2"/>
      <line num="653" type="stmt" count="10"/>
      <line num="654" type="stmt" count="0"/>
      <line num="655" type="stmt" count="0"/>
      <line num="656" type="stmt" count="0"/>
      <line num="658" type="stmt" count="10"/>
      <line num="659" type="stmt" count="0"/>
      <line num="662" type="stmt" count="10"/>
      <line num="663" type="stmt" count="10"/>
      <line num="665" type="stmt" count="10"/>
      <line num="666" type="stmt" count="10"/>
      <line num="667" type="stmt" count="10"/>
      <line num="668" type="stmt" count="10"/>
      <line num="669" type="stmt" count="10"/>
      <line num="670" type="stmt" count="10"/>
      <line num="671" type="stmt" count="10"/>
      <line num="672" type="stmt" count="10"/>
      <line num="673" type="stmt" count="10"/>
      <line num="674" type="stmt" count="10"/>
      <line num="676" type="stmt" count="10"/>
      <line num="677" type="stmt" count="10"/>
      <line num="678" type="stmt" count="0"/>
      <line num="679" type="stmt" count="0"/>
      <line num="681" type="stmt" count="0"/>
      <line num="683" type="stmt" count="10"/>
      <line num="685" type="stmt" count="10"/>
      <line num="686" type="stmt" count="10"/>
      <line num="687" type="stmt" count="10"/>
      <line num="688" type="stmt" count="4"/>
      <line num="689" type="stmt" count="4"/>
      <line num="690" type="stmt" count="4"/>
      <line num="691" type="stmt" count="0"/>
      <line num="693" type="stmt" count="4"/>
      <line num="694" type="stmt" count="4"/>
      <line num="696" type="stmt" count="10"/>
      <line num="697" type="stmt" count="10"/>
      <line num="698" type="stmt" count="10"/>
      <line num="699" type="stmt" count="10"/>
      <line num="701" type="stmt" count="0"/>
      <line num="702" type="stmt" count="0"/>
      <line num="704" type="stmt" count="0"/>
      <line num="705" type="stmt" count="0"/>
      <line num="708" type="stmt" count="0"/>
      <line num="709" type="stmt" count="0"/>
      <line num="711" type="stmt" count="0"/>
      <line num="713" type="stmt" count="0"/>
      <line num="715" type="stmt" count="0"/>
      <line num="716" type="stmt" count="0"/>
      <line num="717" type="stmt" count="0"/>
      <line num="718" type="stmt" count="0"/>
      <line num="719" type="stmt" count="0"/>
      <line num="720" type="stmt" count="0"/>
      <line num="721" type="stmt" count="0"/>
      <line num="722" type="stmt" count="0"/>
      <line num="723" type="stmt" count="0"/>
      <line num="725" type="stmt" count="0"/>
      <line num="726" type="stmt" count="0"/>
      <line num="727" type="stmt" count="0"/>
      <line num="729" type="stmt" count="0"/>
      <line num="731" type="stmt" count="0"/>
      <line num="732" type="stmt" count="0"/>
      <line num="733" type="stmt" count="0"/>
      <line num="734" type="stmt" count="0"/>
      <line num="735" type="stmt" count="0"/>
      <line num="736" type="stmt" count="0"/>
      <line num="737" type="stmt" count="0"/>
      <line num="739" type="stmt" count="0"/>
      <line num="741" type="stmt" count="0"/>
      <line num="742" type="stmt" count="0"/>
      <line num="743" type="stmt" count="0"/>
      <line num="744" type="stmt" count="0"/>
      <line num="745" type="stmt" count="0"/>
      <line num="747" type="stmt" count="0"/>
      <line num="748" type="stmt" count="0"/>
      <line num="750" type="stmt" count="0"/>
      <line num="752" type="stmt" count="0"/>
      <metrics loc="754" ncloc="659" classes="1" methods="11" coveredmethods="1" conditionals="0" coveredconditionals="0" statements="429" coveredstatements="354" elements="440" coveredelements="355"/>
    </file>
    <file name="/home/lemonhead/projects/phplib/quick-attributes-parser/src/RawAttribute/RawAttribute.php">
      <class name="Donquixote\QuickAttributes\RawAttribute\RawAttribute" namespace="global">
        <metrics complexity="9" methods="3" coveredmethods="1" conditionals="0" coveredconditionals="0" statements="18" coveredstatements="11" elements="21" coveredelements="12"/>
      </class>
      <line num="21" type="method" name="createInstances" visibility="public" complexity="5" crap="6.32" count="2"/>
      <line num="22" type="stmt" count="2"/>
      <line num="23" type="stmt" count="2"/>
      <line num="24" type="stmt" count="2"/>
      <line num="25" type="stmt" count="2"/>
      <line num="29" type="stmt" count="0"/>
      <line num="30" type="stmt" count="0"/>
      <line num="31" type="stmt" count="0"/>
      <line num="36" type="stmt" count="2"/>
      <line num="48" type="method" name="createInstance" visibility="public" complexity="1" crap="1" count="2"/>
      <line num="49" type="stmt" count="2"/>
      <line num="50" type="stmt" count="2"/>
      <line num="51" type="stmt" count="2"/>
      <line num="63" type="method" name="doCreateInstance" visibility="private" complexity="3" crap="4.68" count="2"/>
      <line num="64" type="stmt" count="2"/>
      <line num="65" type="stmt" count="2"/>
      <line num="68" type="stmt" count="2"/>
      <line num="70" type="stmt" count="0"/>
      <line num="71" type="stmt" count="0"/>
      <line num="73" type="stmt" count="0"/>
      <line num="74" type="stmt" count="0"/>
      <metrics loc="78" ncloc="50" classes="1" methods="3" coveredmethods="1" conditionals="0" coveredconditionals="0" statements="18" coveredstatements="11" elements="21" coveredelements="12"/>
    </file>
    <file name="/home/lemonhead/projects/phplib/quick-attributes-parser/src/RawAttribute/RawAttributeInterface.php">
      <metrics loc="24" ncloc="13" classes="0" methods="0" coveredmethods="0" conditionals="0" coveredconditionals="0" statements="0" coveredstatements="0" elements="0" coveredelements="0"/>
    </file>
    <file name="/home/lemonhead/projects/phplib/quick-attributes-parser/src/RawAttribute/RawAttribute_Eval.php">
      <class name="Donquixote\QuickAttributes\RawAttribute\RawAttribute_Eval" namespace="global">
        <metrics complexity="6" methods="4" coveredmethods="0" conditionals="0" coveredconditionals="0" statements="11" coveredstatements="0" elements="15" coveredelements="0"/>
      </class>
      <line num="29" type="method" name="__construct" visibility="public" complexity="1" crap="2" count="0"/>
      <line num="30" type="stmt" count="0"/>
      <line num="31" type="stmt" count="0"/>
      <line num="37" type="method" name="getName" visibility="public" complexity="1" crap="2" count="0"/>
      <line num="38" type="stmt" count="0"/>
      <line num="44" type="method" name="getArguments" visibility="public" complexity="3" crap="12" count="0"/>
      <line num="45" type="stmt" count="0"/>
      <line num="46" type="stmt" count="0"/>
      <line num="48" type="stmt" count="0"/>
      <line num="49" type="stmt" count="0"/>
      <line num="58" type="stmt" count="0"/>
      <line num="59" type="stmt" count="0"/>
      <line num="64" type="stmt" count="0"/>
      <line num="76" type="method" name="evalCode" visibility="private" complexity="1" crap="2" count="0"/>
      <line num="77" type="stmt" count="0"/>
      <metrics loc="80" ncloc="51" classes="1" methods="4" coveredmethods="0" conditionals="0" coveredconditionals="0" statements="11" coveredstatements="0" elements="15" coveredelements="0"/>
    </file>
    <file name="/home/lemonhead/projects/phplib/quick-attributes-parser/src/RawAttribute/RawAttribute_Fixed.php">
      <class name="Donquixote\QuickAttributes\RawAttribute\RawAttribute_Fixed" namespace="global">
        <metrics complexity="3" methods="3" coveredmethods="3" conditionals="0" coveredconditionals="0" statements="5" coveredstatements="5" elements="8" coveredelements="8"/>
      </class>
      <line num="25" type="method" name="__construct" visibility="public" complexity="1" crap="1" count="9"/>
      <line num="26" type="stmt" count="9"/>
      <line num="27" type="stmt" count="9"/>
      <line num="28" type="stmt" count="9"/>
      <line num="33" type="method" name="getName" visibility="public" complexity="1" crap="1" count="9"/>
      <line num="34" type="stmt" count="9"/>
      <line num="40" type="method" name="getArguments" visibility="public" complexity="1" crap="1" count="9"/>
      <line num="41" type="stmt" count="9"/>
      <metrics loc="44" ncloc="26" classes="1" methods="3" coveredmethods="3" conditionals="0" coveredconditionals="0" statements="5" coveredstatements="5" elements="8" coveredelements="8"/>
    </file>
    <file name="/home/lemonhead/projects/phplib/quick-attributes-parser/src/RawAttribute/RawAttribute_NativeReflection.php">
      <class name="Donquixote\QuickAttributes\RawAttribute\RawAttribute_NativeReflection" namespace="global">
        <metrics complexity="4" methods="3" coveredmethods="0" conditionals="0" coveredconditionals="0" statements="5" coveredstatements="0" elements="8" coveredelements="0"/>
      </class>
      <line num="24" type="method" name="__construct" visibility="public" complexity="2" crap="6" count="0"/>
      <line num="25" type="stmt" count="0"/>
      <line num="26" type="stmt" count="0"/>
      <line num="28" type="stmt" count="0"/>
      <line num="34" type="method" name="getName" visibility="public" complexity="1" crap="2" count="0"/>
      <line num="35" type="stmt" count="0"/>
      <line num="41" type="method" name="getArguments" visibility="public" complexity="1" crap="2" count="0"/>
      <line num="42" type="stmt" count="0"/>
      <metrics loc="45" ncloc="25" classes="1" methods="3" coveredmethods="0" conditionals="0" coveredconditionals="0" statements="5" coveredstatements="0" elements="8" coveredelements="0"/>
    </file>
    <file name="/home/lemonhead/projects/phplib/quick-attributes-parser/src/RawAttribute/RawAttribute_NoArgs.php">
      <class name="Donquixote\QuickAttributes\RawAttribute\RawAttribute_NoArgs" namespace="global">
        <metrics complexity="3" methods="3" coveredmethods="3" conditionals="0" coveredconditionals="0" statements="4" coveredstatements="4" elements="7" coveredelements="7"/>
      </class>
      <line num="22" type="method" name="__construct" visibility="public" complexity="1" crap="1" count="8"/>
      <line num="23" type="stmt" count="8"/>
      <line num="24" type="stmt" count="8"/>
      <line num="29" type="method" name="getName" visibility="public" complexity="1" crap="1" count="8"/>
      <line num="30" type="stmt" count="8"/>
      <line num="36" type="method" name="getArguments" visibility="public" complexity="1" crap="1" count="8"/>
      <line num="37" type="stmt" count="8"/>
      <metrics loc="40" ncloc="23" classes="1" methods="3" coveredmethods="3" conditionals="0" coveredconditionals="0" statements="4" coveredstatements="4" elements="7" coveredelements="7"/>
    </file>
    <file name="/home/lemonhead/projects/phplib/quick-attributes-parser/src/RawAttributesList/RawAttributesListInterface.php">
      <metrics loc="9" ncloc="9" classes="0" methods="0" coveredmethods="0" conditionals="0" coveredconditionals="0" statements="0" coveredstatements="0" elements="0" coveredelements="0"/>
    </file>
    <file name="/home/lemonhead/projects/phplib/quick-attributes-parser/src/RawAttributesReader/RawAttributesReader.php">
      <class name="Donquixote\QuickAttributes\RawAttributesReader\RawAttributesReader" namespace="global">
        <metrics complexity="2" methods="1" coveredmethods="1" conditionals="0" coveredconditionals="0" statements="3" coveredstatements="3" elements="4" coveredelements="4"/>
      </class>
      <line num="12" type="method" name="create" visibility="public" complexity="2" crap="2" count="3"/>
      <line num="13" type="stmt" count="3"/>
      <line num="14" type="stmt" count="3"/>
      <line num="15" type="stmt" count="3"/>
      <metrics loc="18" ncloc="15" classes="1" methods="1" coveredmethods="1" conditionals="0" coveredconditionals="0" statements="3" coveredstatements="3" elements="4" coveredelements="4"/>
    </file>
    <file name="/home/lemonhead/projects/phplib/quick-attributes-parser/src/RawAttributesReader/RawAttributesReaderInterface.php">
      <metrics loc="20" ncloc="13" classes="0" methods="0" coveredmethods="0" conditionals="0" coveredconditionals="0" statements="0" coveredstatements="0" elements="0" coveredelements="0"/>
    </file>
    <file name="/home/lemonhead/projects/phplib/quick-attributes-parser/src/RawAttributesReader/RawAttributesReader_Fallback.php">
      <class name="Donquixote\QuickAttributes\RawAttributesReader\RawAttributesReader_Fallback" namespace="global">
        <metrics complexity="8" methods="3" coveredmethods="2" conditionals="0" coveredconditionals="0" statements="22" coveredstatements="18" elements="25" coveredelements="20"/>
      </class>
      <line num="31" type="method" name="__construct" visibility="public" complexity="1" crap="1" count="3"/>
      <line num="32" type="stmt" count="3"/>
      <line num="33" type="stmt" count="3"/>
      <line num="34" type="stmt" count="3"/>
      <line num="39" type="method" name="create" visibility="public" complexity="1" crap="1" count="3"/>
      <line num="40" type="stmt" count="3"/>
      <line num="41" type="stmt" count="3"/>
      <line num="42" type="stmt" count="3"/>
      <line num="48" type="method" name="read" visibility="public" complexity="6" crap="6.56" count="3"/>
      <line num="50" type="stmt" count="3"/>
      <line num="52" type="stmt" count="0"/>
      <line num="53" type="stmt" count="0"/>
      <line num="55" type="stmt" count="3"/>
      <line num="56" type="stmt" count="3"/>
      <line num="58" type="stmt" count="2"/>
      <line num="59" type="stmt" count="2"/>
      <line num="60" type="stmt" count="2"/>
      <line num="62" type="stmt" count="2"/>
      <line num="63" type="stmt" count="2"/>
      <line num="64" type="stmt" count="2"/>
      <line num="66" type="stmt" count="2"/>
      <line num="67" type="stmt" count="2"/>
      <line num="70" type="stmt" count="0"/>
      <line num="71" type="stmt" count="0"/>
      <line num="74" type="stmt" count="2"/>
      <metrics loc="77" ncloc="59" classes="1" methods="3" coveredmethods="2" conditionals="0" coveredconditionals="0" statements="22" coveredstatements="18" elements="25" coveredelements="20"/>
    </file>
    <file name="/home/lemonhead/projects/phplib/quick-attributes-parser/src/RawAttributesReader/RawAttributesReader_Native.php">
      <class name="Donquixote\QuickAttributes\RawAttributesReader\RawAttributesReader_Native" namespace="global">
        <metrics complexity="2" methods="1" coveredmethods="0" conditionals="0" coveredconditionals="0" statements="4" coveredstatements="0" elements="5" coveredelements="0"/>
      </class>
      <line num="15" type="method" name="read" visibility="public" complexity="2" crap="6" count="0"/>
      <line num="16" type="stmt" count="0"/>
      <line num="18" type="stmt" count="0"/>
      <line num="19" type="stmt" count="0"/>
      <line num="21" type="stmt" count="0"/>
      <metrics loc="24" ncloc="21" classes="1" methods="1" coveredmethods="0" conditionals="0" coveredconditionals="0" statements="4" coveredstatements="0" elements="5" coveredelements="0"/>
    </file>
    <file name="/home/lemonhead/projects/phplib/quick-attributes-parser/src/Registry/SymbolInfoRegistry.php">
      <class name="Donquixote\QuickAttributes\Registry\SymbolInfoRegistry" namespace="global">
        <metrics complexity="13" methods="6" coveredmethods="2" conditionals="0" coveredconditionals="0" statements="33" coveredstatements="24" elements="39" coveredelements="26"/>
      </class>
      <line num="35" type="method" name="__construct" visibility="public" complexity="2" crap="2.06" count="9"/>
      <line num="36" type="stmt" count="9"/>
      <line num="37" type="stmt" count="0"/>
      <line num="39" type="stmt" count="9"/>
      <line num="40" type="stmt" count="9"/>
      <line num="45" type="method" name="create" visibility="public" complexity="1" crap="1" count="9"/>
      <line num="46" type="stmt" count="9"/>
      <line num="60" type="method" name="symbolGetImports" visibility="public" complexity="2" crap="2.06" count="7"/>
      <line num="61" type="stmt" count="7"/>
      <line num="62" type="stmt" count="7"/>
      <line num="63" type="stmt" count="0"/>
      <line num="65" type="stmt" count="7"/>
      <line num="75" type="method" name="symbolGetAttributesComments" visibility="public" complexity="1" crap="1" count="9"/>
      <line num="76" type="stmt" count="9"/>
      <line num="86" type="method" name="symbolGetInfo" visibility="private" complexity="4" crap="4.20" count="9"/>
      <line num="87" type="stmt" count="9"/>
      <line num="88" type="stmt" count="9"/>
      <line num="89" type="stmt" count="9"/>
      <line num="90" type="stmt" count="7"/>
      <line num="92" type="stmt" count="9"/>
      <line num="93" type="stmt" count="9"/>
      <line num="94" type="stmt" count="9"/>
      <line num="95" type="stmt" count="9"/>
      <line num="96" type="stmt" count="9"/>
      <line num="98" type="stmt" count="9"/>
      <line num="100" type="stmt" count="0"/>
      <line num="101" type="stmt" count="0"/>
      <line num="102" type="stmt" count="0"/>
      <line num="113" type="method" name="itFile" visibility="private" complexity="3" crap="3.58" count="9"/>
      <line num="114" type="stmt" count="9"/>
      <line num="116" type="stmt" count="9"/>
      <line num="117" type="stmt" count="9"/>
      <line num="118" type="stmt" count="9"/>
      <line num="119" type="stmt" count="9"/>
      <line num="122" type="stmt" count="0"/>
      <line num="123" type="stmt" count="0"/>
      <line num="124" type="stmt" count="0"/>
      <line num="126" type="stmt" count="0"/>
      <metrics loc="128" ncloc="79" classes="1" methods="6" coveredmethods="2" conditionals="0" coveredconditionals="0" statements="33" coveredstatements="24" elements="39" coveredelements="26"/>
    </file>
    <file name="/home/lemonhead/projects/phplib/quick-attributes-parser/src/Util/ArgumentsUtil.php">
      <class name="Donquixote\QuickAttributes\Util\ArgumentsUtil" namespace="global">
        <metrics complexity="16" methods="2" coveredmethods="1" conditionals="0" coveredconditionals="0" statements="40" coveredstatements="33" elements="42" coveredelements="34"/>
      </class>
      <line num="20" type="method" name="classMapArgs" visibility="public" complexity="3" crap="3" count="2"/>
      <line num="21" type="stmt" count="2"/>
      <line num="22" type="stmt" count="2"/>
      <line num="23" type="stmt" count="2"/>
      <line num="24" type="stmt" count="2"/>
      <line num="25" type="stmt" count="2"/>
      <line num="28" type="stmt" count="2"/>
      <line num="39" type="method" name="mapNamedArgs" visibility="public" complexity="13" crap="14.47" count="6"/>
      <line num="40" type="stmt" count="6"/>
      <line num="41" type="stmt" count="6"/>
      <line num="42" type="stmt" count="6"/>
      <line num="43" type="stmt" count="1"/>
      <line num="45" type="stmt" count="6"/>
      <line num="46" type="stmt" count="5"/>
      <line num="49" type="stmt" count="6"/>
      <line num="50" type="stmt" count="6"/>
      <line num="52" type="stmt" count="6"/>
      <line num="53" type="stmt" count="6"/>
      <line num="54" type="stmt" count="6"/>
      <line num="55" type="stmt" count="3"/>
      <line num="58" type="stmt" count="6"/>
      <line num="61" type="stmt" count="4"/>
      <line num="62" type="stmt" count="4"/>
      <line num="63" type="stmt" count="4"/>
      <line num="64" type="stmt" count="4"/>
      <line num="66" type="stmt" count="3"/>
      <line num="67" type="stmt" count="3"/>
      <line num="70" type="stmt" count="3"/>
      <line num="73" type="stmt" count="6"/>
      <line num="74" type="stmt" count="5"/>
      <line num="75" type="stmt" count="1"/>
      <line num="76" type="stmt" count="1"/>
      <line num="77" type="stmt" count="1"/>
      <line num="81" type="stmt" count="0"/>
      <line num="83" type="stmt" count="0"/>
      <line num="84" type="stmt" count="0"/>
      <line num="85" type="stmt" count="0"/>
      <line num="86" type="stmt" count="0"/>
      <line num="87" type="stmt" count="0"/>
      <line num="89" type="stmt" count="0"/>
      <line num="95" type="stmt" count="6"/>
      <line num="96" type="stmt" count="6"/>
      <metrics loc="99" ncloc="82" classes="1" methods="2" coveredmethods="1" conditionals="0" coveredconditionals="0" statements="40" coveredstatements="33" elements="42" coveredelements="34"/>
    </file>
    <file name="/home/lemonhead/projects/phplib/quick-attributes-parser/src/Util/MessageUtil.php">
      <class name="Donquixote\QuickAttributes\Util\MessageUtil" namespace="global">
        <metrics complexity="8" methods="2" coveredmethods="0" conditionals="0" coveredconditionals="0" statements="12" coveredstatements="0" elements="14" coveredelements="0"/>
      </class>
      <line num="18" type="method" name="expectedButFound" visibility="public" complexity="1" crap="2" count="0"/>
      <line num="19" type="stmt" count="0"/>
      <line num="30" type="method" name="formatValue" visibility="public" complexity="7" crap="56" count="0"/>
      <line num="31" type="stmt" count="0"/>
      <line num="32" type="stmt" count="0"/>
      <line num="33" type="stmt" count="0"/>
      <line num="35" type="stmt" count="0"/>
      <line num="36" type="stmt" count="0"/>
      <line num="38" type="stmt" count="0"/>
      <line num="39" type="stmt" count="0"/>
      <line num="41" type="stmt" count="0"/>
      <line num="42" type="stmt" count="0"/>
      <line num="44" type="stmt" count="0"/>
      <line num="45" type="stmt" count="0"/>
      <metrics loc="49" ncloc="35" classes="1" methods="2" coveredmethods="0" conditionals="0" coveredconditionals="0" statements="12" coveredstatements="0" elements="14" coveredelements="0"/>
    </file>
    <file name="/home/lemonhead/projects/phplib/quick-attributes-parser/src/Util/ParserUtil.php">
      <class name="Donquixote\QuickAttributes\Util\ParserUtil" namespace="global">
        <metrics complexity="65" methods="14" coveredmethods="2" conditionals="0" coveredconditionals="0" statements="136" coveredstatements="60" elements="150" coveredelements="62"/>
      </class>
      <line num="140" type="method" name="skipSubtree" visibility="public" complexity="6" crap="6.20" count="21"/>
      <line num="142" type="stmt" count="21"/>
      <line num="143" type="stmt" count="21"/>
      <line num="144" type="stmt" count="0"/>
      <line num="145" type="stmt" count="0"/>
      <line num="147" type="stmt" count="21"/>
      <line num="148" type="stmt" count="21"/>
      <line num="149" type="stmt" count="21"/>
      <line num="152" type="stmt" count="19"/>
      <line num="154" type="stmt" count="21"/>
      <line num="155" type="stmt" count="1"/>
      <line num="156" type="stmt" count="1"/>
      <line num="158" type="stmt" count="1"/>
      <line num="160" type="stmt" count="20"/>
      <line num="161" type="stmt" count="20"/>
      <line num="163" type="stmt" count="20"/>
      <line num="164" type="stmt" count="20"/>
      <line num="167" type="stmt" count="0"/>
      <line num="185" type="method" name="skipDoubleQuotedString" visibility="public" complexity="4" crap="4.02" count="1"/>
      <line num="186" type="stmt" count="1"/>
      <line num="187" type="stmt" count="1"/>
      <line num="188" type="stmt" count="1"/>
      <line num="189" type="stmt" count="1"/>
      <line num="190" type="stmt" count="1"/>
      <line num="192" type="stmt" count="1"/>
      <line num="193" type="stmt" count="0"/>
      <line num="196" type="stmt" count="1"/>
      <line num="197" type="stmt" count="1"/>
      <line num="215" type="method" name="skipSubtreeReverse" visibility="public" complexity="6" crap="42" count="0"/>
      <line num="217" type="stmt" count="0"/>
      <line num="218" type="stmt" count="0"/>
      <line num="219" type="stmt" count="0"/>
      <line num="220" type="stmt" count="0"/>
      <line num="222" type="stmt" count="0"/>
      <line num="223" type="stmt" count="0"/>
      <line num="224" type="stmt" count="0"/>
      <line num="227" type="stmt" count="0"/>
      <line num="229" type="stmt" count="0"/>
      <line num="230" type="stmt" count="0"/>
      <line num="231" type="stmt" count="0"/>
      <line num="233" type="stmt" count="0"/>
      <line num="235" type="stmt" count="0"/>
      <line num="236" type="stmt" count="0"/>
      <line num="238" type="stmt" count="0"/>
      <line num="239" type="stmt" count="0"/>
      <line num="242" type="stmt" count="0"/>
      <line num="251" type="method" name="skipHeaderWs" visibility="public" complexity="7" crap="9.23" count="22"/>
      <line num="252" type="stmt" count="22"/>
      <line num="253" type="stmt" count="22"/>
      <line num="254" type="stmt" count="22"/>
      <line num="255" type="stmt" count="22"/>
      <line num="256" type="stmt" count="0"/>
      <line num="258" type="stmt" count="0"/>
      <line num="259" type="stmt" count="0"/>
      <line num="262" type="stmt" count="22"/>
      <line num="263" type="stmt" count="0"/>
      <line num="265" type="stmt" count="22"/>
      <line num="267" type="stmt" count="22"/>
      <line num="268" type="stmt" count="22"/>
      <line num="270" type="stmt" count="16"/>
      <line num="272" type="stmt" count="0"/>
      <line num="282" type="method" name="skipFillerWsExpectToken" visibility="public" complexity="2" crap="2.06" count="19"/>
      <line num="283" type="stmt" count="19"/>
      <line num="284" type="stmt" count="19"/>
      <line num="285" type="stmt" count="0"/>
      <line num="287" type="stmt" count="19"/>
      <line num="297" type="method" name="skipFillerWsExpectTString" visibility="public" complexity="2" crap="2" count="22"/>
      <line num="298" type="stmt" count="22"/>
      <line num="299" type="stmt" count="22"/>
      <line num="300" type="stmt" count="1"/>
      <line num="302" type="stmt" count="21"/>
      <line num="312" type="method" name="skipFillerWsExpectChar" visibility="public" complexity="2" crap="2.06" count="24"/>
      <line num="313" type="stmt" count="24"/>
      <line num="314" type="stmt" count="24"/>
      <line num="315" type="stmt" count="0"/>
      <line num="317" type="stmt" count="24"/>
      <line num="326" type="method" name="skipFillerWs" visibility="public" complexity="7" crap="8.81" count="41"/>
      <line num="327" type="stmt" count="41"/>
      <line num="328" type="stmt" count="41"/>
      <line num="329" type="stmt" count="41"/>
      <line num="330" type="stmt" count="41"/>
      <line num="331" type="stmt" count="0"/>
      <line num="333" type="stmt" count="0"/>
      <line num="334" type="stmt" count="0"/>
      <line num="337" type="stmt" count="41"/>
      <line num="338" type="stmt" count="41"/>
      <line num="339" type="stmt" count="41"/>
      <line num="341" type="stmt" count="41"/>
      <line num="343" type="stmt" count="0"/>
      <line num="350" type="method" name="formatToken" visibility="public" complexity="4" crap="4.05" count="12"/>
      <line num="351" type="stmt" count="12"/>
      <line num="352" type="stmt" count="1"/>
      <line num="353" type="stmt" count="1"/>
      <line num="354" type="stmt" count="0"/>
      <line num="357" type="stmt" count="12"/>
      <line num="358" type="stmt" count="1"/>
      <line num="360" type="stmt" count="11"/>
      <line num="374" type="method" name="skipValueExpression" visibility="public" complexity="14" crap="210" count="0"/>
      <line num="375" type="stmt" count="0"/>
      <line num="376" type="stmt" count="0"/>
      <line num="377" type="stmt" count="0"/>
      <line num="378" type="stmt" count="0"/>
      <line num="379" type="stmt" count="0"/>
      <line num="380" type="stmt" count="0"/>
      <line num="381" type="stmt" count="0"/>
      <line num="382" type="stmt" count="0"/>
      <line num="383" type="stmt" count="0"/>
      <line num="384" type="stmt" count="0"/>
      <line num="385" type="stmt" count="0"/>
      <line num="387" type="stmt" count="0"/>
      <line num="388" type="stmt" count="0"/>
      <line num="389" type="stmt" count="0"/>
      <line num="390" type="stmt" count="0"/>
      <line num="391" type="stmt" count="0"/>
      <line num="392" type="stmt" count="0"/>
      <line num="394" type="stmt" count="0"/>
      <line num="395" type="stmt" count="0"/>
      <line num="397" type="stmt" count="0"/>
      <line num="398" type="stmt" count="0"/>
      <line num="400" type="stmt" count="0"/>
      <line num="401" type="stmt" count="0"/>
      <line num="404" type="stmt" count="0"/>
      <line num="408" type="stmt" count="0"/>
      <line num="410" type="stmt" count="0"/>
      <line num="419" type="method" name="concatTokens" visibility="public" complexity="3" crap="12" count="0"/>
      <line num="420" type="stmt" count="0"/>
      <line num="421" type="stmt" count="0"/>
      <line num="422" type="stmt" count="0"/>
      <line num="423" type="stmt" count="0"/>
      <line num="426" type="stmt" count="0"/>
      <line num="429" type="stmt" count="0"/>
      <line num="441" type="method" name="expect" visibility="public" complexity="3" crap="5.67" count="41"/>
      <line num="442" type="stmt" count="41"/>
      <line num="443" type="stmt" count="41"/>
      <line num="445" type="stmt" count="0"/>
      <line num="446" type="stmt" count="0"/>
      <line num="447" type="stmt" count="0"/>
      <line num="448" type="stmt" count="0"/>
      <line num="460" type="method" name="expectOneOf" visibility="public" complexity="1" crap="1" count="23"/>
      <line num="461" type="stmt" count="23"/>
      <line num="473" type="method" name="expectOneIn" visibility="public" complexity="4" crap="11.53" count="23"/>
      <line num="474" type="stmt" count="23"/>
      <line num="475" type="stmt" count="23"/>
      <line num="477" type="stmt" count="0"/>
      <line num="478" type="stmt" count="0"/>
      <line num="479" type="stmt" count="0"/>
      <line num="480" type="stmt" count="0"/>
      <line num="481" type="stmt" count="0"/>
      <line num="483" type="stmt" count="0"/>
      <line num="484" type="stmt" count="0"/>
      <metrics loc="487" ncloc="345" classes="1" methods="14" coveredmethods="2" conditionals="0" coveredconditionals="0" statements="136" coveredstatements="60" elements="150" coveredelements="62"/>
    </file>
    <file name="/home/lemonhead/projects/phplib/quick-attributes-parser/src/Util/TokenPositionUtil.php">
      <class name="Donquixote\QuickAttributes\Util\TokenPositionUtil" namespace="global">
        <metrics complexity="14" methods="4" coveredmethods="0" conditionals="0" coveredconditionals="0" statements="26" coveredstatements="8" elements="30" coveredelements="8"/>
      </class>
      <line num="20" type="method" name="formatLineChrPos" visibility="public" complexity="1" crap="2" count="0"/>
      <line num="21" type="stmt" count="0"/>
      <line num="22" type="stmt" count="0"/>
      <line num="39" type="method" name="findLineChrPos" visibility="public" complexity="4" crap="4.02" count="17"/>
      <line num="40" type="stmt" count="17"/>
      <line num="41" type="stmt" count="17"/>
      <line num="42" type="stmt" count="17"/>
      <line num="44" type="stmt" count="5"/>
      <line num="47" type="stmt" count="17"/>
      <line num="48" type="stmt" count="17"/>
      <line num="50" type="stmt" count="17"/>
      <line num="51" type="stmt" count="17"/>
      <line num="56" type="stmt" count="0"/>
      <line num="70" type="method" name="findLineNumber" visibility="public" complexity="5" crap="30" count="0"/>
      <line num="71" type="stmt" count="0"/>
      <line num="72" type="stmt" count="0"/>
      <line num="73" type="stmt" count="0"/>
      <line num="76" type="stmt" count="0"/>
      <line num="77" type="stmt" count="0"/>
      <line num="78" type="stmt" count="0"/>
      <line num="81" type="stmt" count="0"/>
      <line num="95" type="method" name="findChrPos" visibility="public" complexity="4" crap="20" count="0"/>
      <line num="96" type="stmt" count="0"/>
      <line num="97" type="stmt" count="0"/>
      <line num="98" type="stmt" count="0"/>
      <line num="99" type="stmt" count="0"/>
      <line num="102" type="stmt" count="0"/>
      <line num="103" type="stmt" count="0"/>
      <line num="104" type="stmt" count="0"/>
      <line num="108" type="stmt" count="0"/>
      <metrics loc="111" ncloc="64" classes="1" methods="4" coveredmethods="0" conditionals="0" coveredconditionals="0" statements="26" coveredstatements="8" elements="30" coveredelements="8"/>
    </file>
    <file name="/home/lemonhead/projects/phplib/quick-attributes-parser/src/Util/TokenizerUtil.php">
      <class name="Donquixote\QuickAttributes\Util\TokenizerUtil" namespace="global">
        <metrics complexity="4" methods="1" coveredmethods="0" conditionals="0" coveredconditionals="0" statements="34" coveredstatements="30" elements="35" coveredelements="30"/>
      </class>
      <line num="36" type="method" name="tokenizeClassFileContents" visibility="public" complexity="4" crap="4.03" count="3"/>
      <line num="37" type="stmt" count="3"/>
      <line num="38" type="stmt" count="3"/>
      <line num="40" type="stmt" count="3"/>
      <line num="41" type="stmt" count="3"/>
      <line num="42" type="stmt" count="3"/>
      <line num="43" type="stmt" count="3"/>
      <line num="44" type="stmt" count="3"/>
      <line num="45" type="stmt" count="3"/>
      <line num="48" type="stmt" count="0"/>
      <line num="49" type="stmt" count="0"/>
      <line num="50" type="stmt" count="0"/>
      <line num="51" type="stmt" count="0"/>
      <line num="55" type="stmt" count="3"/>
      <line num="56" type="stmt" count="3"/>
      <line num="57" type="stmt" count="3"/>
      <line num="59" type="stmt" count="3"/>
      <line num="60" type="stmt" count="3"/>
      <line num="65" type="stmt" count="3"/>
      <line num="66" type="stmt" count="3"/>
      <line num="67" type="stmt" count="3"/>
      <line num="70" type="stmt" count="3"/>
      <line num="76" type="stmt" count="3"/>
      <line num="77" type="stmt" count="3"/>
      <line num="78" type="stmt" count="3"/>
      <line num="80" type="stmt" count="3"/>
      <line num="81" type="stmt" count="3"/>
      <line num="83" type="stmt" count="3"/>
      <line num="87" type="stmt" count="3"/>
      <line num="88" type="stmt" count="3"/>
      <line num="89" type="stmt" count="3"/>
      <line num="92" type="stmt" count="3"/>
      <line num="95" type="stmt" count="3"/>
      <line num="96" type="stmt" count="3"/>
      <metrics loc="98" ncloc="83" classes="1" methods="1" coveredmethods="0" conditionals="0" coveredconditionals="0" statements="34" coveredstatements="30" elements="35" coveredelements="30"/>
    </file>
    <file name="/home/lemonhead/projects/phplib/quick-attributes-parser/src/Util/VersionDependentTokens.php">
      <line num="5" type="stmt" count="1"/>
      <line num="7" type="stmt" count="1"/>
      <line num="11" type="stmt" count="0"/>
      <metrics loc="12" ncloc="10" classes="0" methods="0" coveredmethods="0" conditionals="0" coveredconditionals="0" statements="3" coveredstatements="2" elements="3" coveredelements="2"/>
    </file>
    <file name="/home/lemonhead/projects/phplib/quick-attributes-parser/src/Util/VersionDependentTokens.php7.php">
      <class name="Donquixote\QuickAttributes\Util\VersionDependentTokens" namespace="global">
        <metrics complexity="0" methods="0" coveredmethods="0" conditionals="0" coveredconditionals="0" statements="0" coveredstatements="0" elements="0" coveredelements="0"/>
      </class>
      <metrics loc="15" ncloc="14" classes="0" methods="0" coveredmethods="0" conditionals="0" coveredconditionals="0" statements="0" coveredstatements="0" elements="0" coveredelements="0"/>
    </file>
    <file name="/home/lemonhead/projects/phplib/quick-attributes-parser/src/Util/VersionDependentTokens.php8.php">
      <class name="Donquixote\QuickAttributes\Util\VersionDependentTokens" namespace="global">
        <metrics complexity="0" methods="0" coveredmethods="0" conditionals="0" coveredconditionals="0" statements="0" coveredstatements="0" elements="0" coveredelements="0"/>
      </class>
      <metrics loc="15" ncloc="14" classes="0" methods="0" coveredmethods="0" conditionals="0" coveredconditionals="0" statements="0" coveredstatements="0" elements="0" coveredelements="0"/>
    </file>
    <file name="/home/lemonhead/projects/phplib/quick-attributes-parser/src/Value/RawSymbolBuilder.php">
      <class name="Donquixote\QuickAttributes\Value\RawSymbolBuilder" namespace="global">
        <metrics complexity="2" methods="0" coveredmethods="0" conditionals="0" coveredconditionals="0" statements="0" coveredstatements="0" elements="0" coveredelements="0"/>
      </class>
      <metrics loc="17" ncloc="17" classes="0" methods="0" coveredmethods="0" conditionals="0" coveredconditionals="0" statements="0" coveredstatements="0" elements="0" coveredelements="0"/>
    </file>
    <file name="/home/lemonhead/projects/phplib/quick-attributes-parser/src/Value/RawSymbolInfo.php">
      <class name="Donquixote\QuickAttributes\Value\RawSymbolInfo" namespace="global">
        <metrics complexity="6" methods="6" coveredmethods="5" conditionals="0" coveredconditionals="0" statements="13" coveredstatements="10" elements="19" coveredelements="15"/>
      </class>
      <line num="22" type="method" name="__construct" visibility="private" complexity="1" crap="1" count="26"/>
      <line num="29" type="method" name="forInnerSymbol" visibility="public" complexity="1" crap="1" count="22"/>
      <line num="30" type="stmt" count="22"/>
      <line num="31" type="stmt" count="22"/>
      <line num="32" type="stmt" count="22"/>
      <line num="41" type="method" name="forTopLevelSymbol" visibility="public" complexity="1" crap="1" count="26"/>
      <line num="42" type="stmt" count="26"/>
      <line num="43" type="stmt" count="26"/>
      <line num="44" type="stmt" count="26"/>
      <line num="45" type="stmt" count="26"/>
      <line num="53" type="method" name="withImports" visibility="public" complexity="1" crap="2" count="0"/>
      <line num="54" type="stmt" count="0"/>
      <line num="55" type="stmt" count="0"/>
      <line num="56" type="stmt" count="0"/>
      <line num="67" type="method" name="getImports" visibility="public" complexity="1" crap="1" count="24"/>
      <line num="68" type="stmt" count="24"/>
      <line num="79" type="method" name="getAttributeComments" visibility="public" complexity="1" crap="1" count="26"/>
      <line num="80" type="stmt" count="26"/>
      <metrics loc="83" ncloc="42" classes="1" methods="6" coveredmethods="5" conditionals="0" coveredconditionals="0" statements="13" coveredstatements="10" elements="19" coveredelements="15"/>
    </file>
    <file name="/home/lemonhead/projects/phplib/quick-attributes-parser/src/Value/SymbolHandle.php">
      <class name="Donquixote\QuickAttributes\Value\SymbolHandle" namespace="global">
        <metrics complexity="80" methods="21" coveredmethods="8" conditionals="0" coveredconditionals="0" statements="98" coveredstatements="67" elements="119" coveredelements="75"/>
      </class>
      <line num="54" type="method" name="__construct" visibility="public" complexity="1" crap="1" count="27"/>
      <line num="55" type="stmt" count="27"/>
      <line num="56" type="stmt" count="27"/>
      <line num="57" type="stmt" count="27"/>
      <line num="58" type="stmt" count="27"/>
      <line num="67" type="method" name="fromClass" visibility="public" complexity="1" crap="1" count="18"/>
      <line num="68" type="stmt" count="18"/>
      <line num="78" type="method" name="fromFunction" visibility="public" complexity="1" crap="1" count="10"/>
      <line num="79" type="stmt" count="10"/>
      <line num="90" type="method" name="fromMethod" visibility="public" complexity="1" crap="1" count="13"/>
      <line num="91" type="stmt" count="13"/>
      <line num="102" type="method" name="fromClassProperty" visibility="public" complexity="1" crap="1" count="9"/>
      <line num="103" type="stmt" count="9"/>
      <line num="114" type="method" name="fromClassConstant" visibility="public" complexity="1" crap="1" count="8"/>
      <line num="115" type="stmt" count="8"/>
      <line num="126" type="method" name="fromFunctionParameter" visibility="public" complexity="1" crap="1" count="10"/>
      <line num="127" type="stmt" count="10"/>
      <line num="139" type="method" name="fromMethodParameter" visibility="public" complexity="1" crap="1" count="13"/>
      <line num="140" type="stmt" count="13"/>
      <line num="153" type="method" name="fromId" visibility="public" complexity="8" crap="8.83" count="9"/>
      <line num="154" type="stmt" count="9"/>
      <line num="155" type="stmt" count="0"/>
      <line num="157" type="stmt" count="9"/>
      <line num="159" type="stmt" count="9"/>
      <line num="161" type="stmt" count="9"/>
      <line num="162" type="stmt" count="9"/>
      <line num="165" type="stmt" count="0"/>
      <line num="166" type="stmt" count="0"/>
      <line num="169" type="stmt" count="0"/>
      <line num="173" type="stmt" count="9"/>
      <line num="175" type="stmt" count="9"/>
      <line num="176" type="stmt" count="6"/>
      <line num="179" type="stmt" count="9"/>
      <line num="180" type="stmt" count="6"/>
      <line num="183" type="stmt" count="9"/>
      <line num="184" type="stmt" count="9"/>
      <line num="187" type="stmt" count="9"/>
      <line num="201" type="method" name="fromReflector" visibility="public" complexity="3" crap="4.12" count="1"/>
      <line num="202" type="stmt" count="1"/>
      <line num="203" type="stmt" count="1"/>
      <line num="205" type="stmt" count="0"/>
      <line num="206" type="stmt" count="0"/>
      <line num="207" type="stmt" count="0"/>
      <line num="208" type="stmt" count="0"/>
      <line num="210" type="stmt" count="0"/>
      <line num="214" type="stmt" count="1"/>
      <line num="215" type="stmt" count="1"/>
      <line num="216" type="stmt" count="1"/>
      <line num="227" type="method" name="reflectorGetConstructorArgs" visibility="private" complexity="9" crap="47.11" count="1"/>
      <line num="228" type="stmt" count="1"/>
      <line num="232" type="stmt" count="0"/>
      <line num="238" type="stmt" count="1"/>
      <line num="242" type="stmt" count="0"/>
      <line num="243" type="stmt" count="0"/>
      <line num="245" type="stmt" count="0"/>
      <line num="246" type="stmt" count="0"/>
      <line num="249" type="stmt" count="0"/>
      <line num="252" type="stmt" count="0"/>
      <line num="263" type="method" name="reflect" visibility="public" complexity="1" crap="2" count="0"/>
      <line num="264" type="stmt" count="0"/>
      <line num="272" type="method" name="getReflectorClass" visibility="public" complexity="1" crap="2" count="0"/>
      <line num="273" type="stmt" count="0"/>
      <line num="279" type="method" name="getReflectorArgs" visibility="public" complexity="1" crap="2" count="0"/>
      <line num="280" type="stmt" count="0"/>
      <line num="290" type="method" name="__toString" visibility="public" complexity="9" crap="9.06" count="27"/>
      <line num="291" type="stmt" count="27"/>
      <line num="292" type="stmt" count="27"/>
      <line num="295" type="stmt" count="18"/>
      <line num="299" type="stmt" count="10"/>
      <line num="303" type="stmt" count="14"/>
      <line num="307" type="stmt" count="9"/>
      <line num="311" type="stmt" count="8"/>
      <line num="314" type="stmt" count="22"/>
      <line num="316" type="stmt" count="13"/>
      <line num="319" type="stmt" count="10"/>
      <line num="322" type="stmt" count="0"/>
      <line num="331" type="method" name="getTopLevel" visibility="public" complexity="9" crap="9.16" count="13"/>
      <line num="332" type="stmt" count="13"/>
      <line num="337" type="stmt" count="10"/>
      <line num="340" type="stmt" count="13"/>
      <line num="341" type="stmt" count="10"/>
      <line num="342" type="stmt" count="13"/>
      <line num="347" type="stmt" count="11"/>
      <line num="348" type="stmt" count="11"/>
      <line num="351" type="stmt" count="0"/>
      <line num="360" type="method" name="getFileName" visibility="public" complexity="9" crap="10.27" count="9"/>
      <line num="361" type="stmt" count="9"/>
      <line num="364" type="stmt" count="0"/>
      <line num="368" type="stmt" count="9"/>
      <line num="369" type="stmt" count="9"/>
      <line num="370" type="stmt" count="9"/>
      <line num="374" type="stmt" count="9"/>
      <line num="379" type="stmt" count="9"/>
      <line num="382" type="stmt" count="0"/>
      <line num="391" type="method" name="getNamespaceName" visibility="public" complexity="2" crap="2.06" count="4"/>
      <line num="392" type="stmt" count="4"/>
      <line num="393" type="stmt" count="4"/>
      <line num="394" type="stmt" count="4"/>
      <line num="396" type="stmt" count="0"/>
      <line num="404" type="method" name="getTerminatingNamespaceName" visibility="public" complexity="2" crap="6" count="0"/>
      <line num="405" type="stmt" count="0"/>
      <line num="406" type="stmt" count="0"/>
      <line num="407" type="stmt" count="0"/>
      <line num="409" type="stmt" count="0"/>
      <line num="419" type="method" name="getToplevelQcn" visibility="public" complexity="9" crap="9.37" count="4"/>
      <line num="420" type="stmt" count="4"/>
      <line num="427" type="stmt" count="4"/>
      <line num="430" type="stmt" count="4"/>
      <line num="431" type="stmt" count="4"/>
      <line num="432" type="stmt" count="4"/>
      <line num="435" type="stmt" count="0"/>
      <line num="446" type="method" name="getClassName" visibility="public" complexity="9" crap="10.89" count="4"/>
      <line num="447" type="stmt" count="4"/>
      <line num="449" type="stmt" count="0"/>
      <line num="453" type="stmt" count="4"/>
      <line num="454" type="stmt" count="4"/>
      <line num="455" type="stmt" count="4"/>
      <line num="462" type="stmt" count="4"/>
      <line num="465" type="stmt" count="0"/>
      <metrics loc="469" ncloc="303" classes="1" methods="21" coveredmethods="8" conditionals="0" coveredconditionals="0" statements="98" coveredstatements="67" elements="119" coveredelements="75"/>
    </file>
    <metrics files="38" loc="3932" ncloc="2921" classes="26" methods="121" coveredmethods="41" conditionals="0" coveredconditionals="0" statements="1283" coveredstatements="915" elements="1404" coveredelements="956"/>
  </project>
</coverage>
